<?xml version="1.0" encoding="UTF-8"?>
<!-- Generated by org.testng.reporters.JUnitReportReporter -->
<testsuite hostname="DESKTOP-N2HG8IN" failures="0" tests="9" name="module03.ClassOneTest" time="108.777" errors="0" timestamp="2025-09-26T17:12:28 IST" skipped="0">
  <testcase classname="module03.ClassOneTest" name="thirdScenarioTest" time="7.256"/>
  <testcase classname="module03.ClassOneTest" name="thirdScenarioTest" time="17.584"/>
  <testcase classname="module03.ClassOneTest" name="ScecondScenarioTest" time="9.492"/>
  <testcase classname="module03.ClassOneTest" name="firstScenarioTest" time="20.151"/>
  <testcase classname="module03.ClassOneTest" name="ScecondScenarioTest" time="10.407"/>
  <testcase classname="module03.ClassOneTest" name="firstScenarioTest" time="11.703"/>
  <testcase classname="module03.ClassOneTest" name="thirdScenarioTest" time="6.511"/>
  <testcase classname="module03.ClassOneTest" name="ScecondScenarioTest" time="13.086"/>
  <testcase classname="module03.ClassOneTest" name="firstScenarioTest" time="12.587"/>
</testsuite> <!-- module03.ClassOneTest -->
