<?xml version="1.0" encoding="UTF-8"?>
<!-- Generated by org.testng.reporters.JUnitReportReporter -->
<testsuite hostname="DESKTOP-N2HG8IN" failures="0" tests="9" name="module01.ClassOneTest" time="37.573" errors="0" timestamp="2025-09-26T17:12:28 IST" skipped="0">
  <testcase classname="module01.ClassOneTest" name="thirdScenarioTest" time="3.968"/>
  <testcase classname="module01.ClassOneTest" name="firstScenarioTest" time="5.474"/>
  <testcase classname="module01.ClassOneTest" name="ScecondScenarioTest" time="3.284"/>
  <testcase classname="module01.ClassOneTest" name="ScecondScenarioTest" time="3.785"/>
  <testcase classname="module01.ClassOneTest" name="thirdScenarioTest" time="5.558"/>
  <testcase classname="module01.ClassOneTest" name="firstScenarioTest" time="4.632"/>
  <testcase classname="module01.ClassOneTest" name="thirdScenarioTest" time="3.304"/>
  <testcase classname="module01.ClassOneTest" name="ScecondScenarioTest" time="3.348"/>
  <testcase classname="module01.ClassOneTest" name="firstScenarioTest" time="4.220"/>
</testsuite> <!-- module01.ClassOneTest -->
