<?xml version="1.0" encoding="UTF-8"?>
<!-- Generated by org.testng.reporters.JUnitReportReporter -->
<testsuite hostname="DESKTOP-N2HG8IN" failures="0" tests="1" name="module03.ClassZeroTest" time="0.011" errors="0" timestamp="2025-09-25T17:25:42 IST" skipped="0">
  <testcase classname="module03.ClassZeroTest" name="firstScenarioTest" time="0.011"/>
</testsuite> <!-- module03.ClassZeroTest -->
