<?xml version="1.0" encoding="UTF-8"?>
<!-- Generated by org.testng.reporters.JUnitReportReporter -->
<testsuite hostname="DESKTOP-N2HG8IN" failures="0" tests="3" name="module02.ClassOneTest" time="12.299" errors="0" timestamp="2025-09-26T15:09:45 IST" skipped="0">
  <testcase classname="module02.ClassOneTest" name="thirdScenarioTest" time="3.195"/>
  <testcase classname="module02.ClassOneTest" name="firstScenarioTest" time="5.967"/>
  <testcase classname="module02.ClassOneTest" name="ScecondScenarioTest" time="3.137"/>
</testsuite> <!-- module02.ClassOneTest -->
