<?xml version="1.0" encoding="UTF-8"?>
<!-- Generated by org.testng.reporters.JUnitReportReporter -->
<testsuite hostname="DESKTOP-N2HG8IN" failures="0" tests="3" name="module02.ClassOneTest" time="0.020" errors="0" timestamp="2025-09-25T15:12:59 IST" skipped="0">
  <testcase classname="module02.ClassOneTest" name="thirdScenarioTest" time="0.007"/>
  <testcase classname="module02.ClassOneTest" name="ScecondScenarioTest" time="0.009"/>
  <testcase classname="module02.ClassOneTest" name="firstScenarioTest" time="0.004"/>
</testsuite> <!-- module02.ClassOneTest -->
