<?xml version="1.0" encoding="UTF-8"?>
<!-- Generated by org.testng.reporters.JUnitReportReporter -->
<testsuite hostname="DESKTOP-N2HG8IN" failures="0" tests="12" name="module03.ClassZeroTest" time="97.182" errors="0" timestamp="2025-09-26T17:22:26 IST" skipped="0">
  <testcase classname="module03.ClassZeroTest" name="fourthScenarioTest" time="9.599"/>
  <testcase classname="module03.ClassZeroTest" name="fourthScenarioTest" time="8.897"/>
  <testcase classname="module03.ClassZeroTest" name="thirdScenarioTest" time="8.841"/>
  <testcase classname="module03.ClassZeroTest" name="thirdScenarioTest" time="8.418"/>
  <testcase classname="module03.ClassZeroTest" name="ScecondScenarioTest" time="7.598"/>
  <testcase classname="module03.ClassZeroTest" name="ScecondScenarioTest" time="13.520"/>
  <testcase classname="module03.ClassZeroTest" name="ScecondScenarioTest" time="9.570"/>
  <testcase classname="module03.ClassZeroTest" name="fourthScenarioTest" time="7.992"/>
  <testcase classname="module03.ClassZeroTest" name="firstScenarioTest" time="6.868"/>
  <testcase classname="module03.ClassZeroTest" name="firstScenarioTest" time="6.250"/>
  <testcase classname="module03.ClassZeroTest" name="thirdScenarioTest" time="3.244"/>
  <testcase classname="module03.ClassZeroTest" name="firstScenarioTest" time="6.385"/>
</testsuite> <!-- module03.ClassZeroTest -->
