<?xml version="1.0" encoding="UTF-8"?>
<!-- Generated by org.testng.reporters.JUnitReportReporter -->
<testsuite hostname="DESKTOP-N2HG8IN" failures="0" tests="9" name="module03.ClassTwoTest" time="70.283" errors="0" timestamp="2025-09-26T17:12:28 IST" skipped="0">
  <testcase classname="module03.ClassTwoTest" name="thirdScenarioTest" time="8.394"/>
  <testcase classname="module03.ClassTwoTest" name="thirdScenarioTest" time="5.405"/>
  <testcase classname="module03.ClassTwoTest" name="firstScenarioTest" time="7.972"/>
  <testcase classname="module03.ClassTwoTest" name="thirdScenarioTest" time="11.389"/>
  <testcase classname="module03.ClassTwoTest" name="firstScenarioTest" time="4.091"/>
  <testcase classname="module03.ClassTwoTest" name="ScecondScenarioTest" time="6.501"/>
  <testcase classname="module03.ClassTwoTest" name="ScecondScenarioTest" time="6.105"/>
  <testcase classname="module03.ClassTwoTest" name="ScecondScenarioTest" time="9.640"/>
  <testcase classname="module03.ClassTwoTest" name="firstScenarioTest" time="10.786"/>
</testsuite> <!-- module03.ClassTwoTest -->
