<?xml version="1.0" encoding="UTF-8"?>
<!-- Generated by org.testng.reporters.JUnitReportReporter -->
<testsuite hostname="DESKTOP-N2HG8IN" failures="0" tests="4" name="module03.ClassZeroTest" time="12.865" errors="0" timestamp="2025-09-26T12:24:00 IST" skipped="0">
  <testcase classname="module03.ClassZeroTest" name="ScecondScenarioTest" time="2.193"/>
  <testcase classname="module03.ClassZeroTest" name="firstScenarioTest" time="3.686"/>
  <testcase classname="module03.ClassZeroTest" name="thirdScenarioTest" time="4.123"/>
  <testcase classname="module03.ClassZeroTest" name="fourthScenarioTest" time="2.863"/>
</testsuite> <!-- module03.ClassZeroTest -->
