<?xml version="1.0" encoding="UTF-8"?>
<!-- Generated by org.testng.reporters.JUnitReportReporter -->
<testsuite hostname="DESKTOP-N2HG8IN" failures="0" tests="9" name="module03.ClassOneTest" time="87.890" errors="0" timestamp="2025-09-26T17:22:26 IST" skipped="0">
  <testcase classname="module03.ClassOneTest" name="thirdScenarioTest" time="8.468"/>
  <testcase classname="module03.ClassOneTest" name="ScecondScenarioTest" time="6.206"/>
  <testcase classname="module03.ClassOneTest" name="ScecondScenarioTest" time="10.692"/>
  <testcase classname="module03.ClassOneTest" name="thirdScenarioTest" time="19.314"/>
  <testcase classname="module03.ClassOneTest" name="firstScenarioTest" time="10.004"/>
  <testcase classname="module03.ClassOneTest" name="firstScenarioTest" time="5.411"/>
  <testcase classname="module03.ClassOneTest" name="firstScenarioTest" time="10.945"/>
  <testcase classname="module03.ClassOneTest" name="thirdScenarioTest" time="9.956"/>
  <testcase classname="module03.ClassOneTest" name="ScecondScenarioTest" time="6.894"/>
</testsuite> <!-- module03.ClassOneTest -->
