<?xml version="1.0" encoding="UTF-8"?>
<!-- Generated by org.testng.reporters.JUnitReportReporter -->
<testsuite hostname="DESKTOP-N2HG8IN" failures="0" tests="3" name="module03.ClassOneTest" time="9.610" errors="0" timestamp="2025-09-26T15:09:45 IST" skipped="0">
  <testcase classname="module03.ClassOneTest" name="ScecondScenarioTest" time="2.940"/>
  <testcase classname="module03.ClassOneTest" name="firstScenarioTest" time="3.778"/>
  <testcase classname="module03.ClassOneTest" name="thirdScenarioTest" time="2.892"/>
</testsuite> <!-- module03.ClassOneTest -->
