<?xml version="1.0" encoding="UTF-8"?>
<!-- Generated by org.testng.reporters.JUnitReportReporter -->
<testsuite hostname="DESKTOP-N2HG8IN" failures="0" tests="3" name="module01.ClassTwoTest" time="9.857" errors="0" timestamp="2025-09-26T12:24:00 IST" skipped="0">
  <testcase classname="module01.ClassTwoTest" name="firstScenarioTest" time="3.181"/>
  <testcase classname="module01.ClassTwoTest" name="ScecondScenarioTest" time="2.940"/>
  <testcase classname="module01.ClassTwoTest" name="thirdScenarioTest" time="3.736"/>
</testsuite> <!-- module01.ClassTwoTest -->
