<?xml version="1.0" encoding="UTF-8"?>
<!-- Generated by org.testng.reporters.JUnitReportReporter -->
<testsuite hostname="DESKTOP-N2HG8IN" failures="0" tests="1" name="module01.ClassOneTest" time="0.007" errors="0" timestamp="2025-09-25T17:25:42 IST" skipped="0">
  <testcase classname="module01.ClassOneTest" name="firstScenarioTest" time="0.007"/>
</testsuite> <!-- module01.ClassOneTest -->
