<?xml version="1.0" encoding="UTF-8"?>
<!-- Generated by org.testng.reporters.JUnitReportReporter -->
<testsuite hostname="DESKTOP-N2HG8IN" failures="0" tests="3" name="module03.ClassTwoTest" time="9.724" errors="0" timestamp="2025-09-26T15:09:45 IST" skipped="0">
  <testcase classname="module03.ClassTwoTest" name="firstScenarioTest" time="4.696"/>
  <testcase classname="module03.ClassTwoTest" name="thirdScenarioTest" time="3.134"/>
  <testcase classname="module03.ClassTwoTest" name="ScecondScenarioTest" time="1.894"/>
</testsuite> <!-- module03.ClassTwoTest -->
