<?xml version="1.0" encoding="UTF-8"?>
<!-- Generated by org.testng.reporters.JUnitReportReporter -->
<testsuite hostname="DESKTOP-N2HG8IN" failures="0" tests="9" name="module02.ClassOneTest" time="81.624" errors="0" timestamp="2025-09-26T17:22:26 IST" skipped="0">
  <testcase classname="module02.ClassOneTest" name="ScecondScenarioTest" time="6.543"/>
  <testcase classname="module02.ClassOneTest" name="ScecondScenarioTest" time="14.297"/>
  <testcase classname="module02.ClassOneTest" name="firstScenarioTest" time="4.341"/>
  <testcase classname="module02.ClassOneTest" name="firstScenarioTest" time="12.399"/>
  <testcase classname="module02.ClassOneTest" name="ScecondScenarioTest" time="9.921"/>
  <testcase classname="module02.ClassOneTest" name="firstScenarioTest" time="7.325"/>
  <testcase classname="module02.ClassOneTest" name="thirdScenarioTest" time="5.498"/>
  <testcase classname="module02.ClassOneTest" name="thirdScenarioTest" time="14.372"/>
  <testcase classname="module02.ClassOneTest" name="thirdScenarioTest" time="6.928"/>
</testsuite> <!-- module02.ClassOneTest -->
