<?xml version="1.0" encoding="UTF-8"?>
<!-- Generated by org.testng.reporters.JUnitReportReporter -->
<testsuite hostname="DESKTOP-N2HG8IN" failures="0" tests="3" name="module01.ClassOneTest" time="0.006" errors="0" timestamp="2025-09-25T13:02:35 IST" skipped="0">
  <testcase classname="module01.ClassOneTest" name="ScecondScenarioTest" time="0.001"/>
  <testcase classname="module01.ClassOneTest" name="firstScenarioTest" time="0.004"/>
  <testcase classname="module01.ClassOneTest" name="thirdScenarioTest" time="0.001"/>
</testsuite> <!-- module01.ClassOneTest -->
