<?xml version="1.0" encoding="UTF-8"?>
<!-- Generated by org.testng.reporters.JUnitReportReporter -->
<testsuite hostname="DESKTOP-N2HG8IN" failures="0" tests="3" name="module02.ClassTwo" time="0.023" errors="0" timestamp="2025-09-25T13:02:35 IST" skipped="0">
  <testcase classname="module02.ClassTwo" name="thirdScenarioTest" time="0.005"/>
  <testcase classname="module02.ClassTwo" name="ScecondScenarioTest" time="0.015"/>
  <testcase classname="module02.ClassTwo" name="firstScenarioTest" time="0.003"/>
</testsuite> <!-- module02.ClassTwo -->
