<?xml version="1.0" encoding="UTF-8"?>
<!-- Generated by org.testng.reporters.JUnitReportReporter -->
<testsuite hostname="DESKTOP-N2HG8IN" failures="0" tests="4" name="module03.ClassZeroTest" time="12.671" errors="0" timestamp="2025-09-26T15:09:45 IST" skipped="0">
  <testcase classname="module03.ClassZeroTest" name="fourthScenarioTest" time="3.019"/>
  <testcase classname="module03.ClassZeroTest" name="thirdScenarioTest" time="4.712"/>
  <testcase classname="module03.ClassZeroTest" name="ScecondScenarioTest" time="2.859"/>
  <testcase classname="module03.ClassZeroTest" name="firstScenarioTest" time="2.081"/>
</testsuite> <!-- module03.ClassZeroTest -->
