<?xml version="1.0" encoding="UTF-8"?>
<!-- Generated by org.testng.reporters.JUnitReportReporter -->
<testsuite hostname="DESKTOP-N2HG8IN" failures="0" tests="1" name="module02.ClassZeroTest" time="0.002" errors="0" timestamp="2025-09-25T17:19:35 IST" skipped="0">
  <testcase classname="module02.ClassZeroTest" name="firstScenarioTest" time="0.002"/>
</testsuite> <!-- module02.ClassZeroTest -->
