<?xml version="1.0" encoding="UTF-8"?>
<!-- Generated by org.testng.reporters.JUnitReportReporter -->
<testsuite hostname="DESKTOP-N2HG8IN" failures="0" tests="1" name="module02.ClassTwoTest" time="0.010" errors="0" timestamp="2025-09-25T17:25:42 IST" skipped="0">
  <testcase classname="module02.ClassTwoTest" name="firstScenarioTest" time="0.010"/>
</testsuite> <!-- module02.ClassTwoTest -->
