<?xml version="1.0" encoding="UTF-8"?>
<!-- Generated by org.testng.reporters.JUnitReportReporter -->
<testsuite hostname="DESKTOP-N2HG8IN" failures="0" tests="3" name="module01.ClassZeroTest" time="9.749" errors="0" timestamp="2025-09-26T12:24:00 IST" skipped="0">
  <testcase classname="module01.ClassZeroTest" name="thirdScenarioTest" time="3.245"/>
  <testcase classname="module01.ClassZeroTest" name="firstScenarioTest" time="3.476"/>
  <testcase classname="module01.ClassZeroTest" name="ScecondScenarioTest" time="3.028"/>
</testsuite> <!-- module01.ClassZeroTest -->
