<?xml version="1.0" encoding="UTF-8"?>
<!-- Generated by org.testng.reporters.JUnitReportReporter -->
<testsuite hostname="DESKTOP-N2HG8IN" failures="0" tests="3" name="module01.ClassTwoTest" time="9.709" errors="0" timestamp="2025-09-26T15:09:45 IST" skipped="0">
  <testcase classname="module01.ClassTwoTest" name="ScecondScenarioTest" time="2.852"/>
  <testcase classname="module01.ClassTwoTest" name="firstScenarioTest" time="3.822"/>
  <testcase classname="module01.ClassTwoTest" name="thirdScenarioTest" time="3.035"/>
</testsuite> <!-- module01.ClassTwoTest -->
