<?xml version="1.0" encoding="UTF-8"?>
<!-- Generated by org.testng.reporters.JUnitReportReporter -->
<testsuite hostname="DESKTOP-N2HG8IN" failures="0" tests="9" name="module02.ClassZeroTest" time="79.424" errors="0" timestamp="2025-09-26T17:22:26 IST" skipped="0">
  <testcase classname="module02.ClassZeroTest" name="thirdScenarioTest" time="7.404"/>
  <testcase classname="module02.ClassZeroTest" name="thirdScenarioTest" time="4.592"/>
  <testcase classname="module02.ClassZeroTest" name="firstScenarioTest" time="10.653"/>
  <testcase classname="module02.ClassZeroTest" name="ScecondScenarioTest" time="14.323"/>
  <testcase classname="module02.ClassZeroTest" name="ScecondScenarioTest" time="9.538"/>
  <testcase classname="module02.ClassZeroTest" name="ScecondScenarioTest" time="8.493"/>
  <testcase classname="module02.ClassZeroTest" name="firstScenarioTest" time="9.188"/>
  <testcase classname="module02.ClassZeroTest" name="firstScenarioTest" time="5.014"/>
  <testcase classname="module02.ClassZeroTest" name="thirdScenarioTest" time="10.219"/>
</testsuite> <!-- module02.ClassZeroTest -->
