<?xml version="1.0" encoding="UTF-8"?>
<!-- Generated by org.testng.reporters.JUnitReportReporter -->
<testsuite hostname="DESKTOP-N2HG8IN" failures="0" tests="3" name="module02.ClassZeroTest" time="9.301" errors="0" timestamp="2025-09-26T12:24:00 IST" skipped="0">
  <testcase classname="module02.ClassZeroTest" name="firstScenarioTest" time="3.584"/>
  <testcase classname="module02.ClassZeroTest" name="thirdScenarioTest" time="1.880"/>
  <testcase classname="module02.ClassZeroTest" name="ScecondScenarioTest" time="3.837"/>
</testsuite> <!-- module02.ClassZeroTest -->
