<?xml version="1.0" encoding="UTF-8"?>
<!-- Generated by org.testng.reporters.JUnitReportReporter -->
<testsuite hostname="DESKTOP-N2HG8IN" failures="0" tests="9" name="module02.ClassZeroTest" time="98.005" errors="0" timestamp="2025-09-26T17:12:28 IST" skipped="0">
  <testcase classname="module02.ClassZeroTest" name="firstScenarioTest" time="12.026"/>
  <testcase classname="module02.ClassZeroTest" name="firstScenarioTest" time="5.735"/>
  <testcase classname="module02.ClassZeroTest" name="thirdScenarioTest" time="11.476"/>
  <testcase classname="module02.ClassZeroTest" name="ScecondScenarioTest" time="17.352"/>
  <testcase classname="module02.ClassZeroTest" name="ScecondScenarioTest" time="13.945"/>
  <testcase classname="module02.ClassZeroTest" name="thirdScenarioTest" time="10.442"/>
  <testcase classname="module02.ClassZeroTest" name="thirdScenarioTest" time="9.564"/>
  <testcase classname="module02.ClassZeroTest" name="firstScenarioTest" time="8.580"/>
  <testcase classname="module02.ClassZeroTest" name="ScecondScenarioTest" time="8.885"/>
</testsuite> <!-- module02.ClassZeroTest -->
