<?xml version="1.0" encoding="UTF-8"?>
<!-- Generated by org.testng.reporters.JUnitReportReporter -->
<testsuite hostname="DESKTOP-N2HG8IN" failures="0" tests="9" name="module02.ClassTwoTest" time="68.980" errors="0" timestamp="2025-09-26T17:22:26 IST" skipped="0">
  <testcase classname="module02.ClassTwoTest" name="firstScenarioTest" time="6.260"/>
  <testcase classname="module02.ClassTwoTest" name="ScecondScenarioTest" time="10.476"/>
  <testcase classname="module02.ClassTwoTest" name="firstScenarioTest" time="5.104"/>
  <testcase classname="module02.ClassTwoTest" name="firstScenarioTest" time="6.877"/>
  <testcase classname="module02.ClassTwoTest" name="thirdScenarioTest" time="8.802"/>
  <testcase classname="module02.ClassTwoTest" name="thirdScenarioTest" time="5.940"/>
  <testcase classname="module02.ClassTwoTest" name="ScecondScenarioTest" time="8.410"/>
  <testcase classname="module02.ClassTwoTest" name="thirdScenarioTest" time="7.640"/>
  <testcase classname="module02.ClassTwoTest" name="ScecondScenarioTest" time="9.471"/>
</testsuite> <!-- module02.ClassTwoTest -->
