<?xml version="1.0" encoding="UTF-8"?>
<!-- Generated by org.testng.reporters.JUnitReportReporter -->
<testsuite hostname="DESKTOP-N2HG8IN" failures="0" tests="7" name="module01.PracticePage" time="0.021" errors="0" timestamp="2025-09-29T16:07:54 IST" skipped="0">
  <testcase classname="module01.PracticePage" name="testScriptOne" time="0.010"/>
  <testcase classname="module01.PracticePage" name="testScriptTwo" time="0.001"/>
  <testcase classname="module01.PracticePage" name="testScriptOne" time="0.002"/>
  <testcase classname="module01.PracticePage" name="testScriptTwo" time="0.002"/>
  <testcase classname="module01.PracticePage" name="testScriptOne" time="0.002"/>
  <testcase classname="module01.PracticePage" name="testScriptTwo" time="0.002"/>
  <testcase classname="module01.PracticePage" name="testScriptTwo" time="0.002"/>
</testsuite> <!-- module01.PracticePage -->
