<?xml version="1.0" encoding="UTF-8"?>
<!-- Generated by org.testng.reporters.JUnitReportReporter -->
<testsuite hostname="DESKTOP-N2HG8IN" failures="0" tests="3" name="module01.ClassOneTest" time="9.879" errors="0" timestamp="2025-09-26T15:09:45 IST" skipped="0">
  <testcase classname="module01.ClassOneTest" name="ScecondScenarioTest" time="2.883"/>
  <testcase classname="module01.ClassOneTest" name="firstScenarioTest" time="3.933"/>
  <testcase classname="module01.ClassOneTest" name="thirdScenarioTest" time="3.063"/>
</testsuite> <!-- module01.ClassOneTest -->
