<?xml version="1.0" encoding="UTF-8"?>
<!-- Generated by org.testng.reporters.JUnitReportReporter -->
<testsuite hostname="DESKTOP-N2HG8IN" failures="0" tests="9" name="module01.ClassTwoTest" time="77.904" errors="0" timestamp="2025-09-26T17:22:26 IST" skipped="0">
  <testcase classname="module01.ClassTwoTest" name="firstScenarioTest" time="8.472"/>
  <testcase classname="module01.ClassTwoTest" name="ScecondScenarioTest" time="5.255"/>
  <testcase classname="module01.ClassTwoTest" name="thirdScenarioTest" time="12.928"/>
  <testcase classname="module01.ClassTwoTest" name="thirdScenarioTest" time="8.155"/>
  <testcase classname="module01.ClassTwoTest" name="firstScenarioTest" time="11.649"/>
  <testcase classname="module01.ClassTwoTest" name="ScecondScenarioTest" time="6.554"/>
  <testcase classname="module01.ClassTwoTest" name="thirdScenarioTest" time="4.861"/>
  <testcase classname="module01.ClassTwoTest" name="firstScenarioTest" time="10.341"/>
  <testcase classname="module01.ClassTwoTest" name="ScecondScenarioTest" time="9.689"/>
</testsuite> <!-- module01.ClassTwoTest -->
