<?xml version="1.0" encoding="UTF-8"?>
<!-- Generated by org.testng.reporters.JUnitReportReporter -->
<testsuite hostname="DESKTOP-N2HG8IN" failures="0" tests="3" name="module01.ClassZeroTest" time="9.579" errors="0" timestamp="2025-09-26T15:09:45 IST" skipped="0">
  <testcase classname="module01.ClassZeroTest" name="firstScenarioTest" time="3.031"/>
  <testcase classname="module01.ClassZeroTest" name="ScecondScenarioTest" time="2.940"/>
  <testcase classname="module01.ClassZeroTest" name="thirdScenarioTest" time="3.608"/>
</testsuite> <!-- module01.ClassZeroTest -->
