<?xml version="1.0" encoding="UTF-8"?>
<!-- Generated by org.testng.reporters.JUnitReportReporter -->
<testsuite hostname="DESKTOP-N2HG8IN" failures="0" tests="9" name="module02.ClassTwoTest" time="116.730" errors="0" timestamp="2025-09-26T17:12:28 IST" skipped="0">
  <testcase classname="module02.ClassTwoTest" name="firstScenarioTest" time="16.527"/>
  <testcase classname="module02.ClassTwoTest" name="firstScenarioTest" time="9.013"/>
  <testcase classname="module02.ClassTwoTest" name="ScecondScenarioTest" time="14.839"/>
  <testcase classname="module02.ClassTwoTest" name="thirdScenarioTest" time="15.146"/>
  <testcase classname="module02.ClassTwoTest" name="ScecondScenarioTest" time="11.361"/>
  <testcase classname="module02.ClassTwoTest" name="firstScenarioTest" time="9.280"/>
  <testcase classname="module02.ClassTwoTest" name="thirdScenarioTest" time="10.212"/>
  <testcase classname="module02.ClassTwoTest" name="thirdScenarioTest" time="9.354"/>
  <testcase classname="module02.ClassTwoTest" name="ScecondScenarioTest" time="20.998"/>
</testsuite> <!-- module02.ClassTwoTest -->
