<?xml version="1.0" encoding="UTF-8"?>
<!-- Generated by org.testng.reporters.JUnitReportReporter -->
<testsuite hostname="DESKTOP-N2HG8IN" failures="0" tests="4" name="module03.ClassZeroTest" time="0.005" errors="0" timestamp="2025-09-25T15:12:59 IST" skipped="0">
  <testcase classname="module03.ClassZeroTest" name="firstScenarioTest" time="0.002"/>
  <testcase classname="module03.ClassZeroTest" name="ScecondScenarioTest" time="0.001"/>
  <testcase classname="module03.ClassZeroTest" name="thirdScenarioTest" time="0.001"/>
  <testcase classname="module03.ClassZeroTest" name="fourthScenarioTest" time="0.001"/>
</testsuite> <!-- module03.ClassZeroTest -->
