<?xml version="1.0" encoding="UTF-8"?>
<!-- Generated by org.testng.reporters.JUnitReportReporter -->
<testsuite hostname="DESKTOP-N2HG8IN" failures="0" tests="9" name="module03.ClassTwoTest" time="58.364" errors="0" timestamp="2025-09-26T17:22:26 IST" skipped="0">
  <testcase classname="module03.ClassTwoTest" name="thirdScenarioTest" time="7.447"/>
  <testcase classname="module03.ClassTwoTest" name="firstScenarioTest" time="10.762"/>
  <testcase classname="module03.ClassTwoTest" name="ScecondScenarioTest" time="4.692"/>
  <testcase classname="module03.ClassTwoTest" name="firstScenarioTest" time="4.604"/>
  <testcase classname="module03.ClassTwoTest" name="firstScenarioTest" time="3.706"/>
  <testcase classname="module03.ClassTwoTest" name="thirdScenarioTest" time="5.459"/>
  <testcase classname="module03.ClassTwoTest" name="thirdScenarioTest" time="8.264"/>
  <testcase classname="module03.ClassTwoTest" name="ScecondScenarioTest" time="6.601"/>
  <testcase classname="module03.ClassTwoTest" name="ScecondScenarioTest" time="6.829"/>
</testsuite> <!-- module03.ClassTwoTest -->
