<?xml version="1.0" encoding="UTF-8"?>
<!-- Generated by org.testng.reporters.JUnitReportReporter -->
<testsuite hostname="DESKTOP-N2HG8IN" failures="0" tests="3" name="module03.ClassTwoTest" time="10.980" errors="0" timestamp="2025-09-26T12:24:00 IST" skipped="0">
  <testcase classname="module03.ClassTwoTest" name="ScecondScenarioTest" time="3.384"/>
  <testcase classname="module03.ClassTwoTest" name="thirdScenarioTest" time="3.849"/>
  <testcase classname="module03.ClassTwoTest" name="firstScenarioTest" time="3.747"/>
</testsuite> <!-- module03.ClassTwoTest -->
