<?xml version="1.0" encoding="UTF-8"?>
<!-- Generated by org.testng.reporters.JUnitReportReporter -->
<testsuite hostname="DESKTOP-N2HG8IN" failures="0" tests="3" name="module02.ClassZeroTest" time="0.008" errors="0" timestamp="2025-09-25T15:12:59 IST" skipped="0">
  <testcase classname="module02.ClassZeroTest" name="thirdScenarioTest" time="0.002"/>
  <testcase classname="module02.ClassZeroTest" name="ScecondScenarioTest" time="0.004"/>
  <testcase classname="module02.ClassZeroTest" name="firstScenarioTest" time="0.002"/>
</testsuite> <!-- module02.ClassZeroTest -->
