<?xml version="1.0" encoding="UTF-8"?>
<!-- Generated by org.testng.reporters.JUnitReportReporter -->
<testsuite hostname="DESKTOP-N2HG8IN" failures="0" tests="3" name="module02.ClassOneTest" time="10.787" errors="0" timestamp="2025-09-26T12:24:00 IST" skipped="0">
  <testcase classname="module02.ClassOneTest" name="firstScenarioTest" time="4.737"/>
  <testcase classname="module02.ClassOneTest" name="thirdScenarioTest" time="2.947"/>
  <testcase classname="module02.ClassOneTest" name="ScecondScenarioTest" time="3.103"/>
</testsuite> <!-- module02.ClassOneTest -->
