<?xml version="1.0" encoding="UTF-8"?>
<!-- Generated by org.testng.reporters.JUnitReportReporter -->
<testsuite hostname="DESKTOP-N2HG8IN" failures="0" tests="9" name="module01.ClassTwoTest" time="108.056" errors="0" timestamp="2025-09-26T17:12:28 IST" skipped="0">
  <testcase classname="module01.ClassTwoTest" name="firstScenarioTest" time="5.967"/>
  <testcase classname="module01.ClassTwoTest" name="ScecondScenarioTest" time="8.123"/>
  <testcase classname="module01.ClassTwoTest" name="thirdScenarioTest" time="8.434"/>
  <testcase classname="module01.ClassTwoTest" name="firstScenarioTest" time="18.538"/>
  <testcase classname="module01.ClassTwoTest" name="ScecondScenarioTest" time="9.280"/>
  <testcase classname="module01.ClassTwoTest" name="ScecondScenarioTest" time="14.760"/>
  <testcase classname="module01.ClassTwoTest" name="thirdScenarioTest" time="19.606"/>
  <testcase classname="module01.ClassTwoTest" name="thirdScenarioTest" time="7.518"/>
  <testcase classname="module01.ClassTwoTest" name="firstScenarioTest" time="15.830"/>
</testsuite> <!-- module01.ClassTwoTest -->
