<?xml version="1.0" encoding="UTF-8"?>
<!-- Generated by org.testng.reporters.JUnitReportReporter -->
<testsuite hostname="DESKTOP-N2HG8IN" failures="0" tests="3" name="module01.ClassTwoTest" time="0.012" errors="0" timestamp="2025-09-25T15:12:59 IST" skipped="0">
  <testcase classname="module01.ClassTwoTest" name="thirdScenarioTest" time="0.008"/>
  <testcase classname="module01.ClassTwoTest" name="ScecondScenarioTest" time="0.001"/>
  <testcase classname="module01.ClassTwoTest" name="firstScenarioTest" time="0.003"/>
</testsuite> <!-- module01.ClassTwoTest -->
