<?xml version="1.0" encoding="UTF-8"?>
<!-- Generated by org.testng.reporters.JUnitReportReporter -->
<testsuite hostname="DESKTOP-N2HG8IN" failures="0" tests="9" name="module01.ClassZeroTest" time="105.900" errors="0" timestamp="2025-09-26T17:12:28 IST" skipped="0">
  <testcase classname="module01.ClassZeroTest" name="ScecondScenarioTest" time="12.864"/>
  <testcase classname="module01.ClassZeroTest" name="ScecondScenarioTest" time="10.525"/>
  <testcase classname="module01.ClassZeroTest" name="firstScenarioTest" time="11.790"/>
  <testcase classname="module01.ClassZeroTest" name="thirdScenarioTest" time="16.903"/>
  <testcase classname="module01.ClassZeroTest" name="firstScenarioTest" time="15.296"/>
  <testcase classname="module01.ClassZeroTest" name="ScecondScenarioTest" time="10.399"/>
  <testcase classname="module01.ClassZeroTest" name="firstScenarioTest" time="7.404"/>
  <testcase classname="module01.ClassZeroTest" name="thirdScenarioTest" time="12.230"/>
  <testcase classname="module01.ClassZeroTest" name="thirdScenarioTest" time="8.489"/>
</testsuite> <!-- module01.ClassZeroTest -->
