<?xml version="1.0" encoding="UTF-8"?>
<!-- Generated by org.testng.reporters.JUnitReportReporter -->
<testsuite hostname="DESKTOP-N2HG8IN" failures="0" tests="3" name="module03.ClassOne" time="0.016" errors="0" timestamp="2025-09-25T13:02:35 IST" skipped="0">
  <testcase classname="module03.ClassOne" name="ScecondScenarioTest" time="0.003"/>
  <testcase classname="module03.ClassOne" name="thirdScenarioTest" time="0.010"/>
  <testcase classname="module03.ClassOne" name="firstScenarioTest" time="0.003"/>
</testsuite> <!-- module03.ClassOne -->
