<?xml version="1.0" encoding="UTF-8"?>
<!-- Generated by org.testng.reporters.JUnitReportReporter -->
<testsuite hostname="DESKTOP-N2HG8IN" failures="0" tests="3" name="module03.ClassOneTest" time="9.677" errors="0" timestamp="2025-09-26T12:24:00 IST" skipped="0">
  <testcase classname="module03.ClassOneTest" name="firstScenarioTest" time="2.855"/>
  <testcase classname="module03.ClassOneTest" name="thirdScenarioTest" time="3.164"/>
  <testcase classname="module03.ClassOneTest" name="ScecondScenarioTest" time="3.658"/>
</testsuite> <!-- module03.ClassOneTest -->
