<?xml version="1.0" encoding="UTF-8"?>
<!-- Generated by org.testng.reporters.JUnitReportReporter -->
<testsuite hostname="DESKTOP-N2HG8IN" failures="0" tests="3" name="module02.ClassTwoTest" time="9.521" errors="0" timestamp="2025-09-26T15:09:45 IST" skipped="0">
  <testcase classname="module02.ClassTwoTest" name="thirdScenarioTest" time="1.831"/>
  <testcase classname="module02.ClassTwoTest" name="firstScenarioTest" time="3.027"/>
  <testcase classname="module02.ClassTwoTest" name="ScecondScenarioTest" time="4.663"/>
</testsuite> <!-- module02.ClassTwoTest -->
