<?xml version="1.0" encoding="UTF-8"?>
<!-- Generated by org.testng.reporters.JUnitReportReporter -->
<testsuite hostname="DESKTOP-N2HG8IN" failures="0" tests="3" name="module03.ClassOneTest" time="0.007" errors="0" timestamp="2025-09-25T15:12:59 IST" skipped="0">
  <testcase classname="module03.ClassOneTest" name="firstScenarioTest" time="0.003"/>
  <testcase classname="module03.ClassOneTest" name="thirdScenarioTest" time="0.002"/>
  <testcase classname="module03.ClassOneTest" name="ScecondScenarioTest" time="0.002"/>
</testsuite> <!-- module03.ClassOneTest -->
