<?xml version="1.0" encoding="UTF-8"?>
<!-- Generated by org.testng.reporters.JUnitReportReporter -->
<testsuite hostname="DESKTOP-N2HG8IN" failures="0" tests="9" name="module02.ClassZeroTest" time="32.530" errors="0" timestamp="2025-09-26T17:54:10 IST" skipped="0">
  <testcase classname="module02.ClassZeroTest" name="thirdScenarioTest" time="3.008"/>
  <testcase classname="module02.ClassZeroTest" name="ScecondScenarioTest" time="5.048"/>
  <testcase classname="module02.ClassZeroTest" name="firstScenarioTest" time="4.343"/>
  <testcase classname="module02.ClassZeroTest" name="firstScenarioTest" time="2.183"/>
  <testcase classname="module02.ClassZeroTest" name="ScecondScenarioTest" time="3.340"/>
  <testcase classname="module02.ClassZeroTest" name="firstScenarioTest" time="4.298"/>
  <testcase classname="module02.ClassZeroTest" name="thirdScenarioTest" time="3.794"/>
  <testcase classname="module02.ClassZeroTest" name="thirdScenarioTest" time="3.341"/>
  <testcase classname="module02.ClassZeroTest" name="ScecondScenarioTest" time="3.175"/>
</testsuite> <!-- module02.ClassZeroTest -->
