<?xml version="1.0" encoding="UTF-8"?>
<!-- Generated by org.testng.reporters.JUnitReportReporter -->
<testsuite hostname="DESKTOP-N2HG8IN" failures="0" tests="3" name="module03.ClassTwoTest" time="9.596" errors="0" timestamp="2025-09-26T15:16:42 IST" skipped="0">
  <testcase classname="module03.ClassTwoTest" name="thirdScenarioTest" time="3.806"/>
  <testcase classname="module03.ClassTwoTest" name="ScecondScenarioTest" time="2.814"/>
  <testcase classname="module03.ClassTwoTest" name="firstScenarioTest" time="2.976"/>
</testsuite> <!-- module03.ClassTwoTest -->
