<?xml version="1.0" encoding="UTF-8"?>
<!-- Generated by org.testng.reporters.JUnitReportReporter -->
<testsuite hostname="DESKTOP-N2HG8IN" failures="0" tests="3" name="module01.ClassOneTest" time="10.085" errors="0" timestamp="2025-09-26T15:16:42 IST" skipped="0">
  <testcase classname="module01.ClassOneTest" name="ScecondScenarioTest" time="2.829"/>
  <testcase classname="module01.ClassOneTest" name="firstScenarioTest" time="5.296"/>
  <testcase classname="module01.ClassOneTest" name="thirdScenarioTest" time="1.960"/>
</testsuite> <!-- module01.ClassOneTest -->
