<?xml version="1.0" encoding="UTF-8"?>
<!-- Generated by org.testng.reporters.JUnitReportReporter -->
<testsuite hostname="DESKTOP-N2HG8IN" failures="0" tests="9" name="module02.ClassOneTest" time="33.810" errors="0" timestamp="2025-09-26T12:01:01 IST" skipped="0">
  <testcase classname="module02.ClassOneTest" name="thirdScenarioTest" time="2.993"/>
  <testcase classname="module02.ClassOneTest" name="thirdScenarioTest" time="3.028"/>
  <testcase classname="module02.ClassOneTest" name="ScecondScenarioTest" time="4.553"/>
  <testcase classname="module02.ClassOneTest" name="firstScenarioTest" time="3.604"/>
  <testcase classname="module02.ClassOneTest" name="firstScenarioTest" time="4.981"/>
  <testcase classname="module02.ClassOneTest" name="ScecondScenarioTest" time="3.633"/>
  <testcase classname="module02.ClassOneTest" name="ScecondScenarioTest" time="3.329"/>
  <testcase classname="module02.ClassOneTest" name="thirdScenarioTest" time="3.654"/>
  <testcase classname="module02.ClassOneTest" name="firstScenarioTest" time="4.035"/>
</testsuite> <!-- module02.ClassOneTest -->
