<?xml version="1.0" encoding="UTF-8"?>
<!-- Generated by org.testng.reporters.JUnitReportReporter -->
<testsuite hostname="DESKTOP-N2HG8IN" failures="0" tests="9" name="module02.ClassOneTest" time="136.803" errors="0" timestamp="2025-09-26T17:25:55 IST" skipped="0">
  <testcase classname="module02.ClassOneTest" name="firstScenarioTest" time="12.396"/>
  <testcase classname="module02.ClassOneTest" name="ScecondScenarioTest" time="8.472"/>
  <testcase classname="module02.ClassOneTest" name="firstScenarioTest" time="10.325"/>
  <testcase classname="module02.ClassOneTest" name="thirdScenarioTest" time="8.877"/>
  <testcase classname="module02.ClassOneTest" name="thirdScenarioTest" time="15.114"/>
  <testcase classname="module02.ClassOneTest" name="thirdScenarioTest" time="5.602"/>
  <testcase classname="module02.ClassOneTest" name="ScecondScenarioTest" time="19.610"/>
  <testcase classname="module02.ClassOneTest" name="ScecondScenarioTest" time="50.148"/>
  <testcase classname="module02.ClassOneTest" name="firstScenarioTest" time="6.259"/>
</testsuite> <!-- module02.ClassOneTest -->
