<?xml version="1.0" encoding="UTF-8"?>
<!-- Generated by org.testng.reporters.JUnitReportReporter -->
<testsuite hostname="DESKTOP-N2HG8IN" failures="0" tests="3" name="module01.ClassZeroTest" time="9.566" errors="0" timestamp="2025-09-26T15:16:42 IST" skipped="0">
  <testcase classname="module01.ClassZeroTest" name="thirdScenarioTest" time="2.800"/>
  <testcase classname="module01.ClassZeroTest" name="firstScenarioTest" time="3.801"/>
  <testcase classname="module01.ClassZeroTest" name="ScecondScenarioTest" time="2.965"/>
</testsuite> <!-- module01.ClassZeroTest -->
