<?xml version="1.0" encoding="UTF-8"?>
<!-- Generated by org.testng.reporters.JUnitReportReporter -->
<testsuite hostname="DESKTOP-N2HG8IN" failures="0" tests="9" name="module02.ClassTwoTest" time="46.453" errors="0" timestamp="2025-09-26T17:09:13 IST" skipped="0">
  <testcase classname="module02.ClassTwoTest" name="thirdScenarioTest" time="4.921"/>
  <testcase classname="module02.ClassTwoTest" name="thirdScenarioTest" time="7.398"/>
  <testcase classname="module02.ClassTwoTest" name="firstScenarioTest" time="4.426"/>
  <testcase classname="module02.ClassTwoTest" name="firstScenarioTest" time="3.985"/>
  <testcase classname="module02.ClassTwoTest" name="ScecondScenarioTest" time="3.319"/>
  <testcase classname="module02.ClassTwoTest" name="firstScenarioTest" time="6.526"/>
  <testcase classname="module02.ClassTwoTest" name="ScecondScenarioTest" time="5.726"/>
  <testcase classname="module02.ClassTwoTest" name="ScecondScenarioTest" time="6.088"/>
  <testcase classname="module02.ClassTwoTest" name="thirdScenarioTest" time="4.064"/>
</testsuite> <!-- module02.ClassTwoTest -->
