<?xml version="1.0" encoding="UTF-8"?>
<!-- Generated by org.testng.reporters.JUnitReportReporter -->
<testsuite hostname="DESKTOP-N2HG8IN" failures="0" tests="3" name="module03.ClassOneTest" time="10.502" errors="0" timestamp="2025-10-06T12:32:32 IST" skipped="0">
  <testcase classname="module03.ClassOneTest" name="ScecondScenarioTest" time="1.927"/>
  <testcase classname="module03.ClassOneTest" name="firstScenarioTest" time="4.022"/>
  <testcase classname="module03.ClassOneTest" name="thirdScenarioTest" time="4.553"/>
</testsuite> <!-- module03.ClassOneTest -->
