<?xml version="1.0" encoding="UTF-8"?>
<!-- Generated by org.testng.reporters.JUnitReportReporter -->
<testsuite hostname="DESKTOP-N2HG8IN" failures="0" tests="9" name="module01.ClassOneTest" time="40.387" errors="0" timestamp="2025-09-26T17:19:01 IST" skipped="0">
  <testcase classname="module01.ClassOneTest" name="firstScenarioTest" time="3.680"/>
  <testcase classname="module01.ClassOneTest" name="firstScenarioTest" time="3.851"/>
  <testcase classname="module01.ClassOneTest" name="ScecondScenarioTest" time="2.623"/>
  <testcase classname="module01.ClassOneTest" name="ScecondScenarioTest" time="6.386"/>
  <testcase classname="module01.ClassOneTest" name="thirdScenarioTest" time="4.347"/>
  <testcase classname="module01.ClassOneTest" name="ScecondScenarioTest" time="4.698"/>
  <testcase classname="module01.ClassOneTest" name="firstScenarioTest" time="6.038"/>
  <testcase classname="module01.ClassOneTest" name="thirdScenarioTest" time="4.150"/>
  <testcase classname="module01.ClassOneTest" name="thirdScenarioTest" time="4.614"/>
</testsuite> <!-- module01.ClassOneTest -->
