<?xml version="1.0" encoding="UTF-8"?>
<!-- Generated by org.testng.reporters.JUnitReportReporter -->
<testsuite hostname="DESKTOP-N2HG8IN" failures="0" tests="12" name="module03.ClassZeroTest" time="65.127" errors="0" timestamp="2025-09-26T17:09:13 IST" skipped="0">
  <testcase classname="module03.ClassZeroTest" name="firstScenarioTest" time="5.711"/>
  <testcase classname="module03.ClassZeroTest" name="firstScenarioTest" time="7.322"/>
  <testcase classname="module03.ClassZeroTest" name="thirdScenarioTest" time="4.021"/>
  <testcase classname="module03.ClassZeroTest" name="ScecondScenarioTest" time="5.630"/>
  <testcase classname="module03.ClassZeroTest" name="fourthScenarioTest" time="5.605"/>
  <testcase classname="module03.ClassZeroTest" name="fourthScenarioTest" time="8.117"/>
  <testcase classname="module03.ClassZeroTest" name="ScecondScenarioTest" time="5.181"/>
  <testcase classname="module03.ClassZeroTest" name="firstScenarioTest" time="5.261"/>
  <testcase classname="module03.ClassZeroTest" name="fourthScenarioTest" time="2.531"/>
  <testcase classname="module03.ClassZeroTest" name="thirdScenarioTest" time="5.711"/>
  <testcase classname="module03.ClassZeroTest" name="thirdScenarioTest" time="4.597"/>
  <testcase classname="module03.ClassZeroTest" name="ScecondScenarioTest" time="5.440"/>
</testsuite> <!-- module03.ClassZeroTest -->
