<?xml version="1.0" encoding="UTF-8"?>
<!-- Generated by org.testng.reporters.JUnitReportReporter -->
<testsuite hostname="DESKTOP-N2HG8IN" failures="0" tests="9" name="module02.ClassTwoTest" time="33.104" errors="0" timestamp="2025-09-26T12:01:01 IST" skipped="0">
  <testcase classname="module02.ClassTwoTest" name="firstScenarioTest" time="4.194"/>
  <testcase classname="module02.ClassTwoTest" name="ScecondScenarioTest" time="2.950"/>
  <testcase classname="module02.ClassTwoTest" name="ScecondScenarioTest" time="3.298"/>
  <testcase classname="module02.ClassTwoTest" name="thirdScenarioTest" time="3.263"/>
  <testcase classname="module02.ClassTwoTest" name="firstScenarioTest" time="3.229"/>
  <testcase classname="module02.ClassTwoTest" name="thirdScenarioTest" time="5.535"/>
  <testcase classname="module02.ClassTwoTest" name="ScecondScenarioTest" time="3.240"/>
  <testcase classname="module02.ClassTwoTest" name="thirdScenarioTest" time="4.326"/>
  <testcase classname="module02.ClassTwoTest" name="firstScenarioTest" time="3.069"/>
</testsuite> <!-- module02.ClassTwoTest -->
