<?xml version="1.0" encoding="UTF-8"?>
<!-- Generated by org.testng.reporters.JUnitReportReporter -->
<testsuite hostname="DESKTOP-N2HG8IN" failures="0" tests="9" name="module02.ClassOneTest" time="84.658" errors="0" timestamp="2025-09-26T17:19:01 IST" skipped="0">
  <testcase classname="module02.ClassOneTest" name="firstScenarioTest" time="11.392"/>
  <testcase classname="module02.ClassOneTest" name="ScecondScenarioTest" time="14.307"/>
  <testcase classname="module02.ClassOneTest" name="thirdScenarioTest" time="7.270"/>
  <testcase classname="module02.ClassOneTest" name="ScecondScenarioTest" time="8.450"/>
  <testcase classname="module02.ClassOneTest" name="thirdScenarioTest" time="6.645"/>
  <testcase classname="module02.ClassOneTest" name="firstScenarioTest" time="14.201"/>
  <testcase classname="module02.ClassOneTest" name="thirdScenarioTest" time="7.976"/>
  <testcase classname="module02.ClassOneTest" name="firstScenarioTest" time="5.043"/>
  <testcase classname="module02.ClassOneTest" name="ScecondScenarioTest" time="9.374"/>
</testsuite> <!-- module02.ClassOneTest -->
