<?xml version="1.0" encoding="UTF-8"?>
<!-- Generated by org.testng.reporters.JUnitReportReporter -->
<testsuite hostname="DESKTOP-N2HG8IN" failures="0" tests="9" name="module03.ClassTwoTest" time="98.406" errors="0" timestamp="2025-09-26T17:25:55 IST" skipped="0">
  <testcase classname="module03.ClassTwoTest" name="thirdScenarioTest" time="12.477"/>
  <testcase classname="module03.ClassTwoTest" name="ScecondScenarioTest" time="6.372"/>
  <testcase classname="module03.ClassTwoTest" name="thirdScenarioTest" time="15.604"/>
  <testcase classname="module03.ClassTwoTest" name="firstScenarioTest" time="6.173"/>
  <testcase classname="module03.ClassTwoTest" name="ScecondScenarioTest" time="31.551"/>
  <testcase classname="module03.ClassTwoTest" name="ScecondScenarioTest" time="6.031"/>
  <testcase classname="module03.ClassTwoTest" name="firstScenarioTest" time="11.466"/>
  <testcase classname="module03.ClassTwoTest" name="thirdScenarioTest" time="3.766"/>
  <testcase classname="module03.ClassTwoTest" name="firstScenarioTest" time="4.966"/>
</testsuite> <!-- module03.ClassTwoTest -->
