<?xml version="1.0" encoding="UTF-8"?>
<!-- Generated by org.testng.reporters.JUnitReportReporter -->
<testsuite hostname="DESKTOP-N2HG8IN" failures="0" tests="9" name="module01.ClassZeroTest" time="78.938" errors="0" timestamp="2025-09-26T17:19:01 IST" skipped="0">
  <testcase classname="module01.ClassZeroTest" name="firstScenarioTest" time="7.416"/>
  <testcase classname="module01.ClassZeroTest" name="thirdScenarioTest" time="4.199"/>
  <testcase classname="module01.ClassZeroTest" name="thirdScenarioTest" time="13.685"/>
  <testcase classname="module01.ClassZeroTest" name="firstScenarioTest" time="7.077"/>
  <testcase classname="module01.ClassZeroTest" name="ScecondScenarioTest" time="6.102"/>
  <testcase classname="module01.ClassZeroTest" name="ScecondScenarioTest" time="10.897"/>
  <testcase classname="module01.ClassZeroTest" name="firstScenarioTest" time="4.317"/>
  <testcase classname="module01.ClassZeroTest" name="ScecondScenarioTest" time="13.306"/>
  <testcase classname="module01.ClassZeroTest" name="thirdScenarioTest" time="11.939"/>
</testsuite> <!-- module01.ClassZeroTest -->
