<?xml version="1.0" encoding="UTF-8"?>
<!-- Generated by org.testng.reporters.JUnitReportReporter -->
<testsuite hostname="DESKTOP-N2HG8IN" failures="0" tests="3" name="module03.ClassOneTest" time="9.461" errors="0" timestamp="2025-09-26T15:16:42 IST" skipped="0">
  <testcase classname="module03.ClassOneTest" name="ScecondScenarioTest" time="3.018"/>
  <testcase classname="module03.ClassOneTest" name="thirdScenarioTest" time="2.893"/>
  <testcase classname="module03.ClassOneTest" name="firstScenarioTest" time="3.550"/>
</testsuite> <!-- module03.ClassOneTest -->
