<?xml version="1.0" encoding="UTF-8"?>
<!-- Generated by org.testng.reporters.JUnitReportReporter -->
<testsuite hostname="DESKTOP-N2HG8IN" failures="0" tests="9" name="module01.ClassTwoTest" time="94.204" errors="0" timestamp="2025-09-26T17:19:01 IST" skipped="0">
  <testcase classname="module01.ClassTwoTest" name="ScecondScenarioTest" time="12.713"/>
  <testcase classname="module01.ClassTwoTest" name="thirdScenarioTest" time="9.159"/>
  <testcase classname="module01.ClassTwoTest" name="firstScenarioTest" time="5.970"/>
  <testcase classname="module01.ClassTwoTest" name="thirdScenarioTest" time="9.928"/>
  <testcase classname="module01.ClassTwoTest" name="firstScenarioTest" time="5.791"/>
  <testcase classname="module01.ClassTwoTest" name="thirdScenarioTest" time="23.852"/>
  <testcase classname="module01.ClassTwoTest" name="firstScenarioTest" time="7.298"/>
  <testcase classname="module01.ClassTwoTest" name="ScecondScenarioTest" time="12.824"/>
  <testcase classname="module01.ClassTwoTest" name="ScecondScenarioTest" time="6.669"/>
</testsuite> <!-- module01.ClassTwoTest -->
