<?xml version="1.0" encoding="UTF-8"?>
<!-- Generated by org.testng.reporters.JUnitReportReporter -->
<testsuite hostname="DESKTOP-N2HG8IN" failures="0" tests="3" name="module02.ClassOneTest" time="0.002" errors="0" timestamp="2025-09-25T15:07:43 IST" skipped="0">
  <testcase classname="module02.ClassOneTest" name="thirdScenarioTest" time="0.001"/>
  <testcase classname="module02.ClassOneTest" name="firstScenarioTest" time="0.001"/>
  <testcase classname="module02.ClassOneTest" name="ScecondScenarioTest" time="0.000"/>
</testsuite> <!-- module02.ClassOneTest -->
