<?xml version="1.0" encoding="UTF-8"?>
<!-- Generated by org.testng.reporters.JUnitReportReporter -->
<testsuite hostname="DESKTOP-N2HG8IN" failures="0" tests="12" name="module03.ClassZeroTest" time="42.446" errors="0" timestamp="2025-09-26T12:01:01 IST" skipped="0">
  <testcase classname="module03.ClassZeroTest" name="thirdScenarioTest" time="4.583"/>
  <testcase classname="module03.ClassZeroTest" name="ScecondScenarioTest" time="4.477"/>
  <testcase classname="module03.ClassZeroTest" name="fourthScenarioTest" time="3.297"/>
  <testcase classname="module03.ClassZeroTest" name="firstScenarioTest" time="2.275"/>
  <testcase classname="module03.ClassZeroTest" name="firstScenarioTest" time="3.180"/>
  <testcase classname="module03.ClassZeroTest" name="ScecondScenarioTest" time="3.161"/>
  <testcase classname="module03.ClassZeroTest" name="fourthScenarioTest" time="3.250"/>
  <testcase classname="module03.ClassZeroTest" name="ScecondScenarioTest" time="4.246"/>
  <testcase classname="module03.ClassZeroTest" name="thirdScenarioTest" time="3.031"/>
  <testcase classname="module03.ClassZeroTest" name="thirdScenarioTest" time="3.604"/>
  <testcase classname="module03.ClassZeroTest" name="fourthScenarioTest" time="3.078"/>
  <testcase classname="module03.ClassZeroTest" name="firstScenarioTest" time="4.264"/>
</testsuite> <!-- module03.ClassZeroTest -->
