<?xml version="1.0" encoding="UTF-8"?>
<!-- Generated by org.testng.reporters.JUnitReportReporter -->
<testsuite hostname="DESKTOP-N2HG8IN" failures="0" tests="9" name="module03.ClassTwoTest" time="30.350" errors="0" timestamp="2025-09-26T12:01:01 IST" skipped="0">
  <testcase classname="module03.ClassTwoTest" name="firstScenarioTest" time="2.119"/>
  <testcase classname="module03.ClassTwoTest" name="firstScenarioTest" time="3.840"/>
  <testcase classname="module03.ClassTwoTest" name="ScecondScenarioTest" time="3.041"/>
  <testcase classname="module03.ClassTwoTest" name="firstScenarioTest" time="3.945"/>
  <testcase classname="module03.ClassTwoTest" name="thirdScenarioTest" time="3.905"/>
  <testcase classname="module03.ClassTwoTest" name="thirdScenarioTest" time="3.478"/>
  <testcase classname="module03.ClassTwoTest" name="thirdScenarioTest" time="3.163"/>
  <testcase classname="module03.ClassTwoTest" name="ScecondScenarioTest" time="3.296"/>
  <testcase classname="module03.ClassTwoTest" name="ScecondScenarioTest" time="3.563"/>
</testsuite> <!-- module03.ClassTwoTest -->
