<?xml version="1.0" encoding="UTF-8"?>
<!-- Generated by org.testng.reporters.JUnitReportReporter -->
<testsuite hostname="DESKTOP-N2HG8IN" failures="0" tests="9" name="module02.ClassZeroTest" time="33.059" errors="0" timestamp="2025-09-26T12:01:01 IST" skipped="0">
  <testcase classname="module02.ClassZeroTest" name="firstScenarioTest" time="4.556"/>
  <testcase classname="module02.ClassZeroTest" name="ScecondScenarioTest" time="3.134"/>
  <testcase classname="module02.ClassZeroTest" name="firstScenarioTest" time="3.582"/>
  <testcase classname="module02.ClassZeroTest" name="thirdScenarioTest" time="4.026"/>
  <testcase classname="module02.ClassZeroTest" name="thirdScenarioTest" time="4.503"/>
  <testcase classname="module02.ClassZeroTest" name="ScecondScenarioTest" time="3.264"/>
  <testcase classname="module02.ClassZeroTest" name="firstScenarioTest" time="3.123"/>
  <testcase classname="module02.ClassZeroTest" name="ScecondScenarioTest" time="3.442"/>
  <testcase classname="module02.ClassZeroTest" name="thirdScenarioTest" time="3.429"/>
</testsuite> <!-- module02.ClassZeroTest -->
