<?xml version="1.0" encoding="UTF-8"?>
<!-- Generated by org.testng.reporters.JUnitReportReporter -->
<testsuite hostname="DESKTOP-N2HG8IN" failures="0" tests="9" name="module03.ClassOneTest" time="31.797" errors="0" timestamp="2025-09-26T12:01:01 IST" skipped="0">
  <testcase classname="module03.ClassOneTest" name="ScecondScenarioTest" time="3.434"/>
  <testcase classname="module03.ClassOneTest" name="firstScenarioTest" time="4.203"/>
  <testcase classname="module03.ClassOneTest" name="firstScenarioTest" time="3.723"/>
  <testcase classname="module03.ClassOneTest" name="ScecondScenarioTest" time="3.175"/>
  <testcase classname="module03.ClassOneTest" name="thirdScenarioTest" time="3.247"/>
  <testcase classname="module03.ClassOneTest" name="thirdScenarioTest" time="3.764"/>
  <testcase classname="module03.ClassOneTest" name="firstScenarioTest" time="3.406"/>
  <testcase classname="module03.ClassOneTest" name="thirdScenarioTest" time="3.718"/>
  <testcase classname="module03.ClassOneTest" name="ScecondScenarioTest" time="3.127"/>
</testsuite> <!-- module03.ClassOneTest -->
