<?xml version="1.0" encoding="UTF-8"?>
<!-- Generated by org.testng.reporters.JUnitReportReporter -->
<testsuite hostname="DESKTOP-N2HG8IN" failures="0" tests="4" name="module03.ClassZeroTest" time="12.864" errors="0" timestamp="2025-09-26T15:16:42 IST" skipped="0">
  <testcase classname="module03.ClassZeroTest" name="firstScenarioTest" time="3.167"/>
  <testcase classname="module03.ClassZeroTest" name="ScecondScenarioTest" time="3.758"/>
  <testcase classname="module03.ClassZeroTest" name="fourthScenarioTest" time="2.857"/>
  <testcase classname="module03.ClassZeroTest" name="thirdScenarioTest" time="3.082"/>
</testsuite> <!-- module03.ClassZeroTest -->
