<?xml version="1.0" encoding="UTF-8"?>
<!-- Generated by org.testng.reporters.JUnitReportReporter -->
<testsuite hostname="DESKTOP-N2HG8IN" failures="0" tests="9" name="module01.ClassTwoTest" time="30.292" errors="0" timestamp="2025-09-26T12:01:01 IST" skipped="0">
  <testcase classname="module01.ClassTwoTest" name="firstScenarioTest" time="3.429"/>
  <testcase classname="module01.ClassTwoTest" name="ScecondScenarioTest" time="2.072"/>
  <testcase classname="module01.ClassTwoTest" name="ScecondScenarioTest" time="3.858"/>
  <testcase classname="module01.ClassTwoTest" name="firstScenarioTest" time="3.297"/>
  <testcase classname="module01.ClassTwoTest" name="firstScenarioTest" time="2.176"/>
  <testcase classname="module01.ClassTwoTest" name="ScecondScenarioTest" time="3.123"/>
  <testcase classname="module01.ClassTwoTest" name="thirdScenarioTest" time="3.081"/>
  <testcase classname="module01.ClassTwoTest" name="thirdScenarioTest" time="5.144"/>
  <testcase classname="module01.ClassTwoTest" name="thirdScenarioTest" time="4.112"/>
</testsuite> <!-- module01.ClassTwoTest -->
