<?xml version="1.0" encoding="UTF-8"?>
<!-- Generated by org.testng.reporters.JUnitReportReporter -->
<testsuite hostname="DESKTOP-N2HG8IN" failures="0" tests="3" name="module02.ClassZeroTest" time="9.898" errors="0" timestamp="2025-10-06T12:32:32 IST" skipped="0">
  <testcase classname="module02.ClassZeroTest" name="ScecondScenarioTest" time="3.061"/>
  <testcase classname="module02.ClassZeroTest" name="thirdScenarioTest" time="3.924"/>
  <testcase classname="module02.ClassZeroTest" name="firstScenarioTest" time="2.913"/>
</testsuite> <!-- module02.ClassZeroTest -->
