<?xml version="1.0" encoding="UTF-8"?>
<!-- Generated by org.testng.reporters.JUnitReportReporter -->
<testsuite hostname="DESKTOP-N2HG8IN" failures="0" tests="9" name="module01.ClassTwoTest" time="46.616" errors="0" timestamp="2025-09-26T17:09:13 IST" skipped="0">
  <testcase classname="module01.ClassTwoTest" name="firstScenarioTest" time="7.860"/>
  <testcase classname="module01.ClassTwoTest" name="thirdScenarioTest" time="3.660"/>
  <testcase classname="module01.ClassTwoTest" name="ScecondScenarioTest" time="5.710"/>
  <testcase classname="module01.ClassTwoTest" name="firstScenarioTest" time="3.716"/>
  <testcase classname="module01.ClassTwoTest" name="firstScenarioTest" time="4.700"/>
  <testcase classname="module01.ClassTwoTest" name="ScecondScenarioTest" time="4.000"/>
  <testcase classname="module01.ClassTwoTest" name="thirdScenarioTest" time="2.518"/>
  <testcase classname="module01.ClassTwoTest" name="thirdScenarioTest" time="10.111"/>
  <testcase classname="module01.ClassTwoTest" name="ScecondScenarioTest" time="4.341"/>
</testsuite> <!-- module01.ClassTwoTest -->
