<?xml version="1.0" encoding="UTF-8"?>
<!-- Generated by org.testng.reporters.JUnitReportReporter -->
<testsuite hostname="DESKTOP-N2HG8IN" failures="0" tests="9" name="module03.ClassTwoTest" time="50.773" errors="0" timestamp="2025-09-26T17:09:13 IST" skipped="0">
  <testcase classname="module03.ClassTwoTest" name="ScecondScenarioTest" time="4.898"/>
  <testcase classname="module03.ClassTwoTest" name="ScecondScenarioTest" time="3.829"/>
  <testcase classname="module03.ClassTwoTest" name="ScecondScenarioTest" time="6.975"/>
  <testcase classname="module03.ClassTwoTest" name="thirdScenarioTest" time="7.144"/>
  <testcase classname="module03.ClassTwoTest" name="firstScenarioTest" time="5.833"/>
  <testcase classname="module03.ClassTwoTest" name="thirdScenarioTest" time="4.436"/>
  <testcase classname="module03.ClassTwoTest" name="thirdScenarioTest" time="1.969"/>
  <testcase classname="module03.ClassTwoTest" name="firstScenarioTest" time="10.899"/>
  <testcase classname="module03.ClassTwoTest" name="firstScenarioTest" time="4.790"/>
</testsuite> <!-- module03.ClassTwoTest -->
