<?xml version="1.0" encoding="UTF-8"?>
<!-- Generated by org.testng.reporters.JUnitReportReporter -->
<testsuite hostname="DESKTOP-N2HG8IN" failures="0" tests="9" name="module02.ClassZeroTest" time="53.599" errors="0" timestamp="2025-09-26T17:09:13 IST" skipped="0">
  <testcase classname="module02.ClassZeroTest" name="firstScenarioTest" time="4.790"/>
  <testcase classname="module02.ClassZeroTest" name="ScecondScenarioTest" time="6.093"/>
  <testcase classname="module02.ClassZeroTest" name="thirdScenarioTest" time="9.295"/>
  <testcase classname="module02.ClassZeroTest" name="ScecondScenarioTest" time="4.153"/>
  <testcase classname="module02.ClassZeroTest" name="thirdScenarioTest" time="9.424"/>
  <testcase classname="module02.ClassZeroTest" name="firstScenarioTest" time="4.561"/>
  <testcase classname="module02.ClassZeroTest" name="ScecondScenarioTest" time="5.420"/>
  <testcase classname="module02.ClassZeroTest" name="firstScenarioTest" time="5.072"/>
  <testcase classname="module02.ClassZeroTest" name="thirdScenarioTest" time="4.791"/>
</testsuite> <!-- module02.ClassZeroTest -->
