<?xml version="1.0" encoding="UTF-8"?>
<!-- Generated by org.testng.reporters.JUnitReportReporter -->
<testsuite hostname="DESKTOP-N2HG8IN" failures="0" tests="9" name="module01.ClassZeroTest" time="119.208" errors="0" timestamp="2025-09-26T17:25:55 IST" skipped="0">
  <testcase classname="module01.ClassZeroTest" name="ScecondScenarioTest" time="19.087"/>
  <testcase classname="module01.ClassZeroTest" name="thirdScenarioTest" time="18.353"/>
  <testcase classname="module01.ClassZeroTest" name="thirdScenarioTest" time="13.678"/>
  <testcase classname="module01.ClassZeroTest" name="firstScenarioTest" time="11.308"/>
  <testcase classname="module01.ClassZeroTest" name="firstScenarioTest" time="17.200"/>
  <testcase classname="module01.ClassZeroTest" name="ScecondScenarioTest" time="11.823"/>
  <testcase classname="module01.ClassZeroTest" name="ScecondScenarioTest" time="12.190"/>
  <testcase classname="module01.ClassZeroTest" name="thirdScenarioTest" time="6.586"/>
  <testcase classname="module01.ClassZeroTest" name="firstScenarioTest" time="8.983"/>
</testsuite> <!-- module01.ClassZeroTest -->
