<?xml version="1.0" encoding="UTF-8"?>
<!-- Generated by org.testng.reporters.JUnitReportReporter -->
<testsuite hostname="DESKTOP-N2HG8IN" failures="0" tests="9" name="module01.ClassOneTest" time="29.916" errors="0" timestamp="2025-09-26T17:54:10 IST" skipped="0">
  <testcase classname="module01.ClassOneTest" name="firstScenarioTest" time="5.226"/>
  <testcase classname="module01.ClassOneTest" name="ScecondScenarioTest" time="3.337"/>
  <testcase classname="module01.ClassOneTest" name="thirdScenarioTest" time="3.343"/>
  <testcase classname="module01.ClassOneTest" name="ScecondScenarioTest" time="3.311"/>
  <testcase classname="module01.ClassOneTest" name="thirdScenarioTest" time="2.241"/>
  <testcase classname="module01.ClassOneTest" name="firstScenarioTest" time="2.383"/>
  <testcase classname="module01.ClassOneTest" name="thirdScenarioTest" time="2.538"/>
  <testcase classname="module01.ClassOneTest" name="firstScenarioTest" time="4.038"/>
  <testcase classname="module01.ClassOneTest" name="ScecondScenarioTest" time="3.499"/>
</testsuite> <!-- module01.ClassOneTest -->
