<?xml version="1.0" encoding="UTF-8"?>
<!-- Generated by org.testng.reporters.JUnitReportReporter -->
<testsuite hostname="DESKTOP-N2HG8IN" failures="0" tests="9" name="module03.ClassTwoTest" time="32.119" errors="0" timestamp="2025-09-26T17:54:10 IST" skipped="0">
  <testcase classname="module03.ClassTwoTest" name="thirdScenarioTest" time="3.429"/>
  <testcase classname="module03.ClassTwoTest" name="firstScenarioTest" time="3.425"/>
  <testcase classname="module03.ClassTwoTest" name="ScecondScenarioTest" time="3.308"/>
  <testcase classname="module03.ClassTwoTest" name="ScecondScenarioTest" time="3.460"/>
  <testcase classname="module03.ClassTwoTest" name="thirdScenarioTest" time="3.352"/>
  <testcase classname="module03.ClassTwoTest" name="thirdScenarioTest" time="3.922"/>
  <testcase classname="module03.ClassTwoTest" name="firstScenarioTest" time="3.766"/>
  <testcase classname="module03.ClassTwoTest" name="ScecondScenarioTest" time="4.153"/>
  <testcase classname="module03.ClassTwoTest" name="firstScenarioTest" time="3.304"/>
</testsuite> <!-- module03.ClassTwoTest -->
