<?xml version="1.0" encoding="UTF-8"?>
<!-- Generated by org.testng.reporters.JUnitReportReporter -->
<testsuite hostname="DESKTOP-N2HG8IN" failures="0" tests="3" name="module02.ClassTwoTest" time="9.605" errors="0" timestamp="2025-09-26T15:16:42 IST" skipped="0">
  <testcase classname="module02.ClassTwoTest" name="firstScenarioTest" time="2.960"/>
  <testcase classname="module02.ClassTwoTest" name="thirdScenarioTest" time="3.667"/>
  <testcase classname="module02.ClassTwoTest" name="ScecondScenarioTest" time="2.978"/>
</testsuite> <!-- module02.ClassTwoTest -->
