<?xml version="1.0" encoding="UTF-8"?>
<!-- Generated by org.testng.reporters.JUnitReportReporter -->
<testsuite hostname="DESKTOP-N2HG8IN" failures="0" tests="9" name="module03.ClassTwoTest" time="72.574" errors="0" timestamp="2025-09-26T17:19:01 IST" skipped="0">
  <testcase classname="module03.ClassTwoTest" name="ScecondScenarioTest" time="4.687"/>
  <testcase classname="module03.ClassTwoTest" name="firstScenarioTest" time="11.187"/>
  <testcase classname="module03.ClassTwoTest" name="ScecondScenarioTest" time="6.024"/>
  <testcase classname="module03.ClassTwoTest" name="thirdScenarioTest" time="6.642"/>
  <testcase classname="module03.ClassTwoTest" name="firstScenarioTest" time="4.240"/>
  <testcase classname="module03.ClassTwoTest" name="ScecondScenarioTest" time="11.275"/>
  <testcase classname="module03.ClassTwoTest" name="firstScenarioTest" time="16.207"/>
  <testcase classname="module03.ClassTwoTest" name="thirdScenarioTest" time="6.911"/>
  <testcase classname="module03.ClassTwoTest" name="thirdScenarioTest" time="5.401"/>
</testsuite> <!-- module03.ClassTwoTest -->
