<?xml version="1.0" encoding="UTF-8"?>
<!-- Generated by org.testng.reporters.JUnitReportReporter -->
<testsuite hostname="DESKTOP-N2HG8IN" failures="0" tests="3" name="module01.ClassTwoTest" time="10.136" errors="0" timestamp="2025-10-06T12:32:32 IST" skipped="0">
  <testcase classname="module01.ClassTwoTest" name="thirdScenarioTest" time="3.617"/>
  <testcase classname="module01.ClassTwoTest" name="ScecondScenarioTest" time="3.195"/>
  <testcase classname="module01.ClassTwoTest" name="firstScenarioTest" time="3.324"/>
</testsuite> <!-- module01.ClassTwoTest -->
