<?xml version="1.0" encoding="UTF-8"?>
<!-- Generated by org.testng.reporters.JUnitReportReporter -->
<testsuite hostname="DESKTOP-N2HG8IN" failures="0" tests="3" name="module03.ClassTwoTest" time="11.031" errors="0" timestamp="2025-10-06T12:32:32 IST" skipped="0">
  <testcase classname="module03.ClassTwoTest" name="ScecondScenarioTest" time="3.140"/>
  <testcase classname="module03.ClassTwoTest" name="firstScenarioTest" time="4.677"/>
  <testcase classname="module03.ClassTwoTest" name="thirdScenarioTest" time="3.214"/>
</testsuite> <!-- module03.ClassTwoTest -->
