<?xml version="1.0" encoding="UTF-8"?>
<!-- Generated by org.testng.reporters.JUnitReportReporter -->
<testsuite hostname="DESKTOP-N2HG8IN" failures="0" tests="9" name="module02.ClassOneTest" time="49.276" errors="0" timestamp="2025-09-26T17:09:13 IST" skipped="0">
  <testcase classname="module02.ClassOneTest" name="ScecondScenarioTest" time="7.686"/>
  <testcase classname="module02.ClassOneTest" name="thirdScenarioTest" time="7.933"/>
  <testcase classname="module02.ClassOneTest" name="ScecondScenarioTest" time="6.900"/>
  <testcase classname="module02.ClassOneTest" name="firstScenarioTest" time="4.783"/>
  <testcase classname="module02.ClassOneTest" name="ScecondScenarioTest" time="3.196"/>
  <testcase classname="module02.ClassOneTest" name="firstScenarioTest" time="4.750"/>
  <testcase classname="module02.ClassOneTest" name="thirdScenarioTest" time="4.021"/>
  <testcase classname="module02.ClassOneTest" name="firstScenarioTest" time="6.588"/>
  <testcase classname="module02.ClassOneTest" name="thirdScenarioTest" time="3.419"/>
</testsuite> <!-- module02.ClassOneTest -->
