<?xml version="1.0" encoding="UTF-8"?>
<!-- Generated by org.testng.reporters.JUnitReportReporter -->
<testsuite hostname="DESKTOP-N2HG8IN" failures="0" tests="9" name="module03.ClassOneTest" time="33.290" errors="0" timestamp="2025-09-26T17:54:10 IST" skipped="0">
  <testcase classname="module03.ClassOneTest" name="ScecondScenarioTest" time="3.249"/>
  <testcase classname="module03.ClassOneTest" name="firstScenarioTest" time="3.586"/>
  <testcase classname="module03.ClassOneTest" name="thirdScenarioTest" time="4.258"/>
  <testcase classname="module03.ClassOneTest" name="ScecondScenarioTest" time="3.297"/>
  <testcase classname="module03.ClassOneTest" name="thirdScenarioTest" time="4.182"/>
  <testcase classname="module03.ClassOneTest" name="firstScenarioTest" time="4.374"/>
  <testcase classname="module03.ClassOneTest" name="firstScenarioTest" time="4.246"/>
  <testcase classname="module03.ClassOneTest" name="thirdScenarioTest" time="2.900"/>
  <testcase classname="module03.ClassOneTest" name="ScecondScenarioTest" time="3.198"/>
</testsuite> <!-- module03.ClassOneTest -->
