<?xml version="1.0" encoding="UTF-8"?>
<!-- Generated by org.testng.reporters.JUnitReportReporter -->
<testsuite hostname="DESKTOP-N2HG8IN" failures="0" tests="3" name="module02.ClassTwoTest" time="0.004" errors="0" timestamp="2025-09-25T14:27:30 IST" skipped="0">
  <testcase classname="module02.ClassTwoTest" name="thirdScenarioTest" time="0.001"/>
  <testcase classname="module02.ClassTwoTest" name="firstScenarioTest" time="0.002"/>
  <testcase classname="module02.ClassTwoTest" name="ScecondScenarioTest" time="0.001"/>
</testsuite> <!-- module02.ClassTwoTest -->
