<?xml version="1.0" encoding="UTF-8"?>
<!-- Generated by org.testng.reporters.JUnitReportReporter -->
<testsuite hostname="DESKTOP-N2HG8IN" failures="0" tests="9" name="module02.ClassZeroTest" time="119.179" errors="0" timestamp="2025-09-26T17:25:55 IST" skipped="0">
  <testcase classname="module02.ClassZeroTest" name="thirdScenarioTest" time="13.212"/>
  <testcase classname="module02.ClassZeroTest" name="ScecondScenarioTest" time="9.018"/>
  <testcase classname="module02.ClassZeroTest" name="thirdScenarioTest" time="10.488"/>
  <testcase classname="module02.ClassZeroTest" name="firstScenarioTest" time="18.508"/>
  <testcase classname="module02.ClassZeroTest" name="ScecondScenarioTest" time="17.813"/>
  <testcase classname="module02.ClassZeroTest" name="ScecondScenarioTest" time="10.507"/>
  <testcase classname="module02.ClassZeroTest" name="firstScenarioTest" time="10.079"/>
  <testcase classname="module02.ClassZeroTest" name="thirdScenarioTest" time="21.939"/>
  <testcase classname="module02.ClassZeroTest" name="firstScenarioTest" time="7.615"/>
</testsuite> <!-- module02.ClassZeroTest -->
