<?xml version="1.0" encoding="UTF-8"?>
<!-- Generated by org.testng.reporters.JUnitReportReporter -->
<testsuite hostname="DESKTOP-N2HG8IN" failures="0" tests="9" name="module02.ClassTwoTest" time="58.122" errors="0" timestamp="2025-09-26T17:25:55 IST" skipped="0">
  <testcase classname="module02.ClassTwoTest" name="ScecondScenarioTest" time="6.781"/>
  <testcase classname="module02.ClassTwoTest" name="thirdScenarioTest" time="6.363"/>
  <testcase classname="module02.ClassTwoTest" name="firstScenarioTest" time="6.053"/>
  <testcase classname="module02.ClassTwoTest" name="firstScenarioTest" time="7.143"/>
  <testcase classname="module02.ClassTwoTest" name="ScecondScenarioTest" time="4.762"/>
  <testcase classname="module02.ClassTwoTest" name="thirdScenarioTest" time="5.342"/>
  <testcase classname="module02.ClassTwoTest" name="ScecondScenarioTest" time="7.165"/>
  <testcase classname="module02.ClassTwoTest" name="thirdScenarioTest" time="8.440"/>
  <testcase classname="module02.ClassTwoTest" name="firstScenarioTest" time="6.073"/>
</testsuite> <!-- module02.ClassTwoTest -->
