<?xml version="1.0" encoding="UTF-8"?>
<!-- Generated by org.testng.reporters.JUnitReportReporter -->
<testsuite hostname="DESKTOP-N2HG8IN" failures="0" tests="3" name="module01.ClassOneTest" time="9.550" errors="0" timestamp="2025-10-06T12:32:32 IST" skipped="0">
  <testcase classname="module01.ClassOneTest" name="thirdScenarioTest" time="2.844"/>
  <testcase classname="module01.ClassOneTest" name="ScecondScenarioTest" time="3.689"/>
  <testcase classname="module01.ClassOneTest" name="firstScenarioTest" time="3.017"/>
</testsuite> <!-- module01.ClassOneTest -->
