<?xml version="1.0" encoding="UTF-8"?>
<!-- Generated by org.testng.reporters.JUnitReportReporter -->
<testsuite hostname="DESKTOP-N2HG8IN" failures="0" tests="9" name="module01.ClassZeroTest" time="48.235" errors="0" timestamp="2025-09-26T17:09:13 IST" skipped="0">
  <testcase classname="module01.ClassZeroTest" name="ScecondScenarioTest" time="9.009"/>
  <testcase classname="module01.ClassZeroTest" name="firstScenarioTest" time="4.237"/>
  <testcase classname="module01.ClassZeroTest" name="thirdScenarioTest" time="5.540"/>
  <testcase classname="module01.ClassZeroTest" name="ScecondScenarioTest" time="3.727"/>
  <testcase classname="module01.ClassZeroTest" name="firstScenarioTest" time="6.614"/>
  <testcase classname="module01.ClassZeroTest" name="thirdScenarioTest" time="3.793"/>
  <testcase classname="module01.ClassZeroTest" name="thirdScenarioTest" time="5.576"/>
  <testcase classname="module01.ClassZeroTest" name="firstScenarioTest" time="3.874"/>
  <testcase classname="module01.ClassZeroTest" name="ScecondScenarioTest" time="5.865"/>
</testsuite> <!-- module01.ClassZeroTest -->
