<?xml version="1.0" encoding="UTF-8"?>
<!-- Generated by org.testng.reporters.JUnitReportReporter -->
<testsuite hostname="DESKTOP-N2HG8IN" failures="0" tests="9" name="module03.ClassOneTest" time="80.752" errors="0" timestamp="2025-09-26T17:19:01 IST" skipped="0">
  <testcase classname="module03.ClassOneTest" name="ScecondScenarioTest" time="18.371"/>
  <testcase classname="module03.ClassOneTest" name="firstScenarioTest" time="7.815"/>
  <testcase classname="module03.ClassOneTest" name="thirdScenarioTest" time="10.299"/>
  <testcase classname="module03.ClassOneTest" name="firstScenarioTest" time="7.766"/>
  <testcase classname="module03.ClassOneTest" name="ScecondScenarioTest" time="8.041"/>
  <testcase classname="module03.ClassOneTest" name="ScecondScenarioTest" time="9.704"/>
  <testcase classname="module03.ClassOneTest" name="thirdScenarioTest" time="7.848"/>
  <testcase classname="module03.ClassOneTest" name="thirdScenarioTest" time="3.791"/>
  <testcase classname="module03.ClassOneTest" name="firstScenarioTest" time="7.117"/>
</testsuite> <!-- module03.ClassOneTest -->
