<?xml version="1.0" encoding="UTF-8"?>
<!-- Generated by org.testng.reporters.JUnitReportReporter -->
<testsuite hostname="DESKTOP-N2HG8IN" failures="0" tests="12" name="module03.ClassZeroTest" time="46.218" errors="0" timestamp="2025-09-26T17:54:10 IST" skipped="0">
  <testcase classname="module03.ClassZeroTest" name="firstScenarioTest" time="4.523"/>
  <testcase classname="module03.ClassZeroTest" name="firstScenarioTest" time="3.618"/>
  <testcase classname="module03.ClassZeroTest" name="fourthScenarioTest" time="3.282"/>
  <testcase classname="module03.ClassZeroTest" name="fourthScenarioTest" time="3.537"/>
  <testcase classname="module03.ClassZeroTest" name="ScecondScenarioTest" time="4.139"/>
  <testcase classname="module03.ClassZeroTest" name="ScecondScenarioTest" time="3.285"/>
  <testcase classname="module03.ClassZeroTest" name="firstScenarioTest" time="4.331"/>
  <testcase classname="module03.ClassZeroTest" name="thirdScenarioTest" time="3.600"/>
  <testcase classname="module03.ClassZeroTest" name="thirdScenarioTest" time="4.537"/>
  <testcase classname="module03.ClassZeroTest" name="thirdScenarioTest" time="3.539"/>
  <testcase classname="module03.ClassZeroTest" name="fourthScenarioTest" time="3.465"/>
  <testcase classname="module03.ClassZeroTest" name="ScecondScenarioTest" time="4.362"/>
</testsuite> <!-- module03.ClassZeroTest -->
