<?xml version="1.0" encoding="UTF-8"?>
<!-- Generated by org.testng.reporters.JUnitReportReporter -->
<testsuite hostname="DESKTOP-N2HG8IN" failures="0" tests="9" name="module02.ClassTwoTest" time="33.535" errors="0" timestamp="2025-09-26T17:54:10 IST" skipped="0">
  <testcase classname="module02.ClassTwoTest" name="ScecondScenarioTest" time="3.452"/>
  <testcase classname="module02.ClassTwoTest" name="thirdScenarioTest" time="3.734"/>
  <testcase classname="module02.ClassTwoTest" name="ScecondScenarioTest" time="4.663"/>
  <testcase classname="module02.ClassTwoTest" name="firstScenarioTest" time="3.328"/>
  <testcase classname="module02.ClassTwoTest" name="thirdScenarioTest" time="3.139"/>
  <testcase classname="module02.ClassTwoTest" name="ScecondScenarioTest" time="4.200"/>
  <testcase classname="module02.ClassTwoTest" name="firstScenarioTest" time="4.180"/>
  <testcase classname="module02.ClassTwoTest" name="firstScenarioTest" time="3.453"/>
  <testcase classname="module02.ClassTwoTest" name="thirdScenarioTest" time="3.386"/>
</testsuite> <!-- module02.ClassTwoTest -->
