<?xml version="1.0" encoding="UTF-8"?>
<!-- Generated by org.testng.reporters.JUnitReportReporter -->
<testsuite hostname="DESKTOP-N2HG8IN" failures="0" tests="9" name="module03.ClassOneTest" time="49.935" errors="0" timestamp="2025-09-26T17:09:13 IST" skipped="0">
  <testcase classname="module03.ClassOneTest" name="thirdScenarioTest" time="6.187"/>
  <testcase classname="module03.ClassOneTest" name="ScecondScenarioTest" time="6.955"/>
  <testcase classname="module03.ClassOneTest" name="thirdScenarioTest" time="7.004"/>
  <testcase classname="module03.ClassOneTest" name="firstScenarioTest" time="5.848"/>
  <testcase classname="module03.ClassOneTest" name="firstScenarioTest" time="6.628"/>
  <testcase classname="module03.ClassOneTest" name="firstScenarioTest" time="4.389"/>
  <testcase classname="module03.ClassOneTest" name="ScecondScenarioTest" time="5.606"/>
  <testcase classname="module03.ClassOneTest" name="thirdScenarioTest" time="3.520"/>
  <testcase classname="module03.ClassOneTest" name="ScecondScenarioTest" time="3.798"/>
</testsuite> <!-- module03.ClassOneTest -->
