<?xml version="1.0" encoding="UTF-8"?>
<!-- Generated by org.testng.reporters.JUnitReportReporter -->
<testsuite hostname="DESKTOP-N2HG8IN" failures="0" tests="9" name="module03.ClassOneTest" time="108.475" errors="0" timestamp="2025-09-26T17:25:55 IST" skipped="0">
  <testcase classname="module03.ClassOneTest" name="ScecondScenarioTest" time="24.120"/>
  <testcase classname="module03.ClassOneTest" name="ScecondScenarioTest" time="17.737"/>
  <testcase classname="module03.ClassOneTest" name="thirdScenarioTest" time="7.331"/>
  <testcase classname="module03.ClassOneTest" name="thirdScenarioTest" time="10.050"/>
  <testcase classname="module03.ClassOneTest" name="firstScenarioTest" time="12.553"/>
  <testcase classname="module03.ClassOneTest" name="thirdScenarioTest" time="10.996"/>
  <testcase classname="module03.ClassOneTest" name="firstScenarioTest" time="8.096"/>
  <testcase classname="module03.ClassOneTest" name="ScecondScenarioTest" time="7.880"/>
  <testcase classname="module03.ClassOneTest" name="firstScenarioTest" time="9.712"/>
</testsuite> <!-- module03.ClassOneTest -->
