<?xml version="1.0" encoding="UTF-8"?>
<!-- Generated by org.testng.reporters.JUnitReportReporter -->
<testsuite hostname="DESKTOP-N2HG8IN" failures="0" tests="3" name="module02.ClassTwoTest" time="10.368" errors="0" timestamp="2025-10-06T12:32:32 IST" skipped="0">
  <testcase classname="module02.ClassTwoTest" name="ScecondScenarioTest" time="3.336"/>
  <testcase classname="module02.ClassTwoTest" name="thirdScenarioTest" time="3.120"/>
  <testcase classname="module02.ClassTwoTest" name="firstScenarioTest" time="3.912"/>
</testsuite> <!-- module02.ClassTwoTest -->
