<?xml version="1.0" encoding="UTF-8"?>
<!-- Generated by org.testng.reporters.JUnitReportReporter -->
<testsuite hostname="DESKTOP-N2HG8IN" failures="0" tests="4" name="module03.ClassZeroTest" time="13.577" errors="0" timestamp="2025-10-06T12:32:32 IST" skipped="0">
  <testcase classname="module03.ClassZeroTest" name="thirdScenarioTest" time="4.097"/>
  <testcase classname="module03.ClassZeroTest" name="ScecondScenarioTest" time="3.116"/>
  <testcase classname="module03.ClassZeroTest" name="firstScenarioTest" time="4.118"/>
  <testcase classname="module03.ClassZeroTest" name="fourthScenarioTest" time="2.246"/>
</testsuite> <!-- module03.ClassZeroTest -->
