<?xml version="1.0" encoding="UTF-8"?>
<!-- Generated by org.testng.reporters.JUnitReportReporter -->
<testsuite hostname="DESKTOP-N2HG8IN" failures="0" tests="3" name="module01.ClassZeroTest" time="9.673" errors="0" timestamp="2025-10-06T12:32:32 IST" skipped="0">
  <testcase classname="module01.ClassZeroTest" name="firstScenarioTest" time="2.960"/>
  <testcase classname="module01.ClassZeroTest" name="ScecondScenarioTest" time="3.649"/>
  <testcase classname="module01.ClassZeroTest" name="thirdScenarioTest" time="3.064"/>
</testsuite> <!-- module01.ClassZeroTest -->
